{"C:\\Users\\hp\\Desktop\\shopping-rack\\frontend\\src\\App.tsx": {"path":"C:\\Users\\hp\\Desktop\\shopping-rack\\frontend\\src\\App.tsx","statementMap":{"0":{"start":{"line":10,"column":19},"end":{"line":10,"column":35}},"1":{"start":{"line":11,"column":23},"end":{"line":11,"column":64}},"2":{"start":{"line":11,"column":49},"end":{"line":11,"column":63}},"3":{"start":{"line":13,"column":2},"end":{"line":15,"column":9}},"4":{"start":{"line":14,"column":4},"end":{"line":14,"column":29}},"5":{"start":{"line":16,"column":2},"end":{"line":22,"column":4}}},"fnMap":{"0":{"name":"App","decl":{"start":{"line":9,"column":9},"end":{"line":9,"column":12}},"loc":{"start":{"line":9,"column":15},"end":{"line":23,"column":1}},"line":9},"1":{"name":"(anonymous_1)","decl":{"start":{"line":11,"column":38},"end":{"line":11,"column":39}},"loc":{"start":{"line":11,"column":49},"end":{"line":11,"column":63}},"line":11},"2":{"name":"(anonymous_2)","decl":{"start":{"line":13,"column":12},"end":{"line":13,"column":13}},"loc":{"start":{"line":13,"column":18},"end":{"line":15,"column":3}},"line":13}},"branchMap":{},"s":{"0":0,"1":0,"2":0,"3":0,"4":0,"5":0},"f":{"0":0,"1":0,"2":0},"b":{},"_coverageSchema":"1a1c01bbd47fc00a2c39e90264f33305004495a9","hash":"a56a2f0a6a912cd4c08d59d8ef119475012665dd"}
,"C:\\Users\\hp\\Desktop\\shopping-rack\\frontend\\src\\main.tsx": {"path":"C:\\Users\\hp\\Desktop\\shopping-rack\\frontend\\src\\main.tsx","statementMap":{"0":{"start":{"line":11,"column":0},"end":{"line":20,"column":2}}},"fnMap":{},"branchMap":{},"s":{"0":0},"f":{},"b":{}}
,"C:\\Users\\hp\\Desktop\\shopping-rack\\frontend\\src\\test.utils.tsx": {"path":"C:\\Users\\hp\\Desktop\\shopping-rack\\frontend\\src\\test.utils.tsx","statementMap":{"0":{"start":{"line":8,"column":26},"end":{"line":13,"column":3}},"1":{"start":{"line":9,"column":2},"end":{"line":13,"column":3}}},"fnMap":{"0":{"name":"(anonymous_0)","decl":{"start":{"line":8,"column":26},"end":{"line":8,"column":27}},"loc":{"start":{"line":9,"column":2},"end":{"line":13,"column":3}},"line":9}},"branchMap":{},"s":{"0":1,"1":0},"f":{"0":0},"b":{},"_coverageSchema":"1a1c01bbd47fc00a2c39e90264f33305004495a9","hash":"1d12f7332b91af34121ebc7122b31265cd63abf3"}
,"C:\\Users\\hp\\Desktop\\shopping-rack\\frontend\\src\\components\\Home.tsx": {"path":"C:\\Users\\hp\\Desktop\\shopping-rack\\frontend\\src\\components\\Home.tsx","statementMap":{"0":{"start":{"line":7,"column":13},"end":{"line":26,"column":1}},"1":{"start":{"line":8,"column":49},"end":{"line":8,"column":61}},"2":{"start":{"line":9,"column":2},"end":{"line":9,"column":58}},"3":{"start":{"line":9,"column":28},"end":{"line":9,"column":58}},"4":{"start":{"line":10,"column":2},"end":{"line":25,"column":4}},"5":{"start":{"line":18,"column":12},"end":{"line":20,"column":17}}},"fnMap":{"0":{"name":"(anonymous_0)","decl":{"start":{"line":7,"column":13},"end":{"line":7,"column":14}},"loc":{"start":{"line":7,"column":43},"end":{"line":26,"column":1}},"line":7},"1":{"name":"(anonymous_1)","decl":{"start":{"line":17,"column":37},"end":{"line":17,"column":38}},"loc":{"start":{"line":18,"column":12},"end":{"line":20,"column":17}},"line":18}},"branchMap":{"0":{"loc":{"start":{"line":9,"column":2},"end":{"line":9,"column":58}},"type":"if","locations":[{"start":{"line":9,"column":2},"end":{"line":9,"column":58}},{"start":{},"end":{}}],"line":9},"1":{"loc":{"start":{"line":14,"column":9},"end":{"line":14,"column":57}},"type":"binary-expr","locations":[{"start":{"line":14,"column":9},"end":{"line":14,"column":21}},{"start":{"line":14,"column":25},"end":{"line":14,"column":57}}],"line":14}},"s":{"0":1,"1":0,"2":0,"3":0,"4":0,"5":0},"f":{"0":0,"1":0},"b":{"0":[0,0],"1":[0,0]},"_coverageSchema":"1a1c01bbd47fc00a2c39e90264f33305004495a9","hash":"6f30ebf6c0c3dd719686c38c3969b5ec8394e4e7"}
,"C:\\Users\\hp\\Desktop\\shopping-rack\\frontend\\src\\components\\Layout.tsx": {"path":"C:\\Users\\hp\\Desktop\\shopping-rack\\frontend\\src\\components\\Layout.tsx","statementMap":{"0":{"start":{"line":6,"column":15},"end":{"line":43,"column":1}},"1":{"start":{"line":7,"column":2},"end":{"line":42,"column":4}}},"fnMap":{"0":{"name":"(anonymous_0)","decl":{"start":{"line":6,"column":15},"end":{"line":6,"column":16}},"loc":{"start":{"line":6,"column":21},"end":{"line":43,"column":1}},"line":6}},"branchMap":{},"s":{"0":1,"1":0},"f":{"0":0},"b":{},"_coverageSchema":"1a1c01bbd47fc00a2c39e90264f33305004495a9","hash":"e3752d5f010cd7d21c2b2cd95a7cbb61ac0d173a"}
,"C:\\Users\\hp\\Desktop\\shopping-rack\\frontend\\src\\components\\Product.tsx": {"path":"C:\\Users\\hp\\Desktop\\shopping-rack\\frontend\\src\\components\\Product.tsx","statementMap":{"0":{"start":{"line":8,"column":16},"end":{"line":19,"column":1}},"1":{"start":{"line":9,"column":17},"end":{"line":9,"column":52}},"2":{"start":{"line":10,"column":2},"end":{"line":18,"column":4}}},"fnMap":{"0":{"name":"(anonymous_0)","decl":{"start":{"line":8,"column":16},"end":{"line":8,"column":17}},"loc":{"start":{"line":8,"column":41},"end":{"line":19,"column":1}},"line":8}},"branchMap":{"0":{"loc":{"start":{"line":9,"column":17},"end":{"line":9,"column":52}},"type":"binary-expr","locations":[{"start":{"line":9,"column":17},"end":{"line":9,"column":31}},{"start":{"line":9,"column":35},"end":{"line":9,"column":52}}],"line":9},"1":{"loc":{"start":{"line":12,"column":16},"end":{"line":12,"column":52}},"type":"cond-expr","locations":[{"start":{"line":12,"column":25},"end":{"line":12,"column":35}},{"start":{"line":12,"column":38},"end":{"line":12,"column":52}}],"line":12}},"s":{"0":1,"1":0,"2":0},"f":{"0":0},"b":{"0":[0,0],"1":[0,0]},"_coverageSchema":"1a1c01bbd47fc00a2c39e90264f33305004495a9","hash":"5bdd4858fd279edcdd1c71172fe3569ca0bfa05d"}
,"C:\\Users\\hp\\Desktop\\shopping-rack\\frontend\\src\\components\\UserRegister.tsx": {"path":"C:\\Users\\hp\\Desktop\\shopping-rack\\frontend\\src\\components\\UserRegister.tsx","statementMap":{"0":{"start":{"line":4,"column":21},"end":{"line":84,"column":1}},"1":{"start":{"line":5,"column":26},"end":{"line":9,"column":4}},"2":{"start":{"line":10,"column":30},"end":{"line":10,"column":62}},"3":{"start":{"line":11,"column":44},"end":{"line":11,"column":68}},"4":{"start":{"line":13,"column":2},"end":{"line":13,"column":51}},"5":{"start":{"line":14,"column":2},"end":{"line":14,"column":40}},"6":{"start":{"line":16,"column":23},"end":{"line":32,"column":3}},"7":{"start":{"line":17,"column":19},"end":{"line":17,"column":47}},"8":{"start":{"line":18,"column":4},"end":{"line":31,"column":5}},"9":{"start":{"line":19,"column":21},"end":{"line":19,"column":37}},"10":{"start":{"line":20,"column":6},"end":{"line":25,"column":8}},"11":{"start":{"line":21,"column":8},"end":{"line":24,"column":9}},"12":{"start":{"line":22,"column":10},"end":{"line":22,"column":52}},"13":{"start":{"line":23,"column":10},"end":{"line":23,"column":45}},"14":{"start":{"line":26,"column":6},"end":{"line":28,"column":7}},"15":{"start":{"line":27,"column":8},"end":{"line":27,"column":46}},"16":{"start":{"line":30,"column":6},"end":{"line":30,"column":56}},"17":{"start":{"line":33,"column":23},"end":{"line":50,"column":3}},"18":{"start":{"line":34,"column":4},"end":{"line":34,"column":23}},"19":{"start":{"line":35,"column":19},"end":{"line":35,"column":33}},"20":{"start":{"line":36,"column":4},"end":{"line":36,"column":34}},"21":{"start":{"line":37,"column":4},"end":{"line":37,"column":36}},"22":{"start":{"line":38,"column":4},"end":{"line":38,"column":42}},"23":{"start":{"line":39,"column":4},"end":{"line":39,"column":33}},"24":{"start":{"line":40,"column":19},"end":{"line":40,"column":73}},"25":{"start":{"line":41,"column":21},"end":{"line":41,"column":70}},"26":{"start":{"line":42,"column":4},"end":{"line":42,"column":22}},"27":{"start":{"line":43,"column":4},"end":{"line":47,"column":7}},"28":{"start":{"line":48,"column":4},"end":{"line":48,"column":30}},"29":{"start":{"line":49,"column":4},"end":{"line":49,"column":37}},"30":{"start":{"line":51,"column":2},"end":{"line":83,"column":4}}},"fnMap":{"0":{"name":"(anonymous_0)","decl":{"start":{"line":4,"column":21},"end":{"line":4,"column":22}},"loc":{"start":{"line":4,"column":27},"end":{"line":84,"column":1}},"line":4},"1":{"name":"(anonymous_1)","decl":{"start":{"line":16,"column":23},"end":{"line":16,"column":24}},"loc":{"start":{"line":16,"column":71},"end":{"line":32,"column":3}},"line":16},"2":{"name":"(anonymous_2)","decl":{"start":{"line":20,"column":22},"end":{"line":20,"column":23}},"loc":{"start":{"line":20,"column":28},"end":{"line":25,"column":7}},"line":20},"3":{"name":"(anonymous_3)","decl":{"start":{"line":33,"column":23},"end":{"line":33,"column":24}},"loc":{"start":{"line":33,"column":47},"end":{"line":50,"column":3}},"line":33}},"branchMap":{"0":{"loc":{"start":{"line":18,"column":4},"end":{"line":31,"column":5}},"type":"if","locations":[{"start":{"line":18,"column":4},"end":{"line":31,"column":5}},{"start":{"line":29,"column":11},"end":{"line":31,"column":5}}],"line":18},"1":{"loc":{"start":{"line":21,"column":8},"end":{"line":24,"column":9}},"type":"if","locations":[{"start":{"line":21,"column":8},"end":{"line":24,"column":9}},{"start":{},"end":{}}],"line":21},"2":{"loc":{"start":{"line":26,"column":6},"end":{"line":28,"column":7}},"type":"if","locations":[{"start":{"line":26,"column":6},"end":{"line":28,"column":7}},{"start":{},"end":{}}],"line":26}},"s":{"0":0,"1":0,"2":0,"3":0,"4":0,"5":0,"6":0,"7":0,"8":0,"9":0,"10":0,"11":0,"12":0,"13":0,"14":0,"15":0,"16":0,"17":0,"18":0,"19":0,"20":0,"21":0,"22":0,"23":0,"24":0,"25":0,"26":0,"27":0,"28":0,"29":0,"30":0},"f":{"0":0,"1":0,"2":0,"3":0},"b":{"0":[0,0],"1":[0,0],"2":[0,0]}}
,"C:\\Users\\hp\\Desktop\\shopping-rack\\frontend\\src\\redux\\api.ts": {"path":"C:\\Users\\hp\\Desktop\\shopping-rack\\frontend\\src\\redux\\api.ts","statementMap":{"0":{"start":{"line":3,"column":17},"end":{"line":5,"column":2}}},"fnMap":{},"branchMap":{},"s":{"0":2},"f":{},"b":{},"_coverageSchema":"1a1c01bbd47fc00a2c39e90264f33305004495a9","hash":"f592294e40c92e9648854b551e989c0cb31b5aa7"}
,"C:\\Users\\hp\\Desktop\\shopping-rack\\frontend\\src\\redux\\hooks.ts": {"path":"C:\\Users\\hp\\Desktop\\shopping-rack\\frontend\\src\\redux\\hooks.ts","statementMap":{"0":{"start":{"line":5,"column":63},"end":{"line":5,"column":74}},"1":{"start":{"line":6,"column":30},"end":{"line":6,"column":62}},"2":{"start":{"line":6,"column":36},"end":{"line":6,"column":62}}},"fnMap":{"0":{"name":"(anonymous_0)","decl":{"start":{"line":6,"column":30},"end":{"line":6,"column":31}},"loc":{"start":{"line":6,"column":36},"end":{"line":6,"column":62}},"line":6}},"branchMap":{},"s":{"0":1,"1":1,"2":0},"f":{"0":0},"b":{},"_coverageSchema":"1a1c01bbd47fc00a2c39e90264f33305004495a9","hash":"2281ae92b04dfac63b3d813833a5653255c1185d"}
,"C:\\Users\\hp\\Desktop\\shopping-rack\\frontend\\src\\redux\\productSlice.ts": {"path":"C:\\Users\\hp\\Desktop\\shopping-rack\\frontend\\src\\redux\\productSlice.ts","statementMap":{"0":{"start":{"line":18,"column":36},"end":{"line":28,"column":1}},"1":{"start":{"line":30,"column":28},"end":{"line":33,"column":2}},"2":{"start":{"line":31,"column":17},"end":{"line":31,"column":42}},"3":{"start":{"line":32,"column":2},"end":{"line":32,"column":21}},"4":{"start":{"line":35,"column":21},"end":{"line":53,"column":2}},"5":{"start":{"line":40,"column":4},"end":{"line":51,"column":9}},"6":{"start":{"line":42,"column":8},"end":{"line":42,"column":33}},"7":{"start":{"line":45,"column":8},"end":{"line":45,"column":44}},"8":{"start":{"line":46,"column":8},"end":{"line":46,"column":31}},"9":{"start":{"line":49,"column":8},"end":{"line":49,"column":31}},"10":{"start":{"line":50,"column":8},"end":{"line":50,"column":56}}},"fnMap":{"0":{"name":"(anonymous_0)","decl":{"start":{"line":30,"column":62},"end":{"line":30,"column":63}},"loc":{"start":{"line":30,"column":74},"end":{"line":33,"column":1}},"line":30},"1":{"name":"(anonymous_1)","decl":{"start":{"line":39,"column":17},"end":{"line":39,"column":18}},"loc":{"start":{"line":39,"column":30},"end":{"line":52,"column":3}},"line":39},"2":{"name":"(anonymous_2)","decl":{"start":{"line":41,"column":37},"end":{"line":41,"column":38}},"loc":{"start":{"line":41,"column":48},"end":{"line":43,"column":7}},"line":41},"3":{"name":"(anonymous_3)","decl":{"start":{"line":44,"column":39},"end":{"line":44,"column":40}},"loc":{"start":{"line":44,"column":86},"end":{"line":47,"column":7}},"line":44},"4":{"name":"(anonymous_4)","decl":{"start":{"line":48,"column":38},"end":{"line":48,"column":39}},"loc":{"start":{"line":48,"column":57},"end":{"line":51,"column":7}},"line":48}},"branchMap":{"0":{"loc":{"start":{"line":50,"column":29},"end":{"line":50,"column":55}},"type":"binary-expr","locations":[{"start":{"line":50,"column":29},"end":{"line":50,"column":49}},{"start":{"line":50,"column":53},"end":{"line":50,"column":55}}],"line":50}},"s":{"0":2,"1":2,"2":0,"3":0,"4":2,"5":2,"6":0,"7":0,"8":0,"9":0,"10":0},"f":{"0":0,"1":2,"2":0,"3":0,"4":0},"b":{"0":[0,0]},"_coverageSchema":"1a1c01bbd47fc00a2c39e90264f33305004495a9","hash":"42a0475bf662fa33897e4a7864633ed29c21e414"}
,"C:\\Users\\hp\\Desktop\\shopping-rack\\frontend\\src\\redux\\store.ts": {"path":"C:\\Users\\hp\\Desktop\\shopping-rack\\frontend\\src\\redux\\store.ts","statementMap":{"0":{"start":{"line":4,"column":14},"end":{"line":8,"column":2}}},"fnMap":{},"branchMap":{},"s":{"0":1},"f":{},"b":{},"_coverageSchema":"1a1c01bbd47fc00a2c39e90264f33305004495a9","hash":"f2f32c66585fd539d495ea5df60242aac9cb5f54"}
,"C:\\Users\\hp\\Desktop\\shopping-rack\\frontend\\src\\redux\\types.ts": {"path":"C:\\Users\\hp\\Desktop\\shopping-rack\\frontend\\src\\redux\\types.ts","statementMap":{},"fnMap":{},"branchMap":{},"s":{},"f":{},"b":{}}
}
